<?xml version="1.0" encoding="UTF-8"?>
<!-- Generated by org.testng.reporters.JUnitXMLReporter -->
<testsuite ignored="0" hostname="IN-banusafe-2" failures="0" tests="3" name="Default test" time="3.12" errors="0" timestamp="2021-07-22T21:26:32 IST">
  <testcase classname="com.qa.Rest.demo.CreateBitlinktest" name="createNewBitlink" time="2.347"/>
  <testcase classname="com.qa.Rest.demo.CreateBitlinktest" name="testStatusCodes" time="0.385"/>
  <testcase classname="com.qa.Rest.demo.CreateBitlinktest" name="blankPayload" time="0.351"/>
</testsuite> <!-- Default test -->
