<?xml version="1.0" encoding="UTF-8"?>
<testng-results ignored="0" total="1" passed="1" failed="0" skipped="0">
  <reporter-output>
  </reporter-output>
  <suite started-at="2021-07-22T21:13:01 IST" name="Surefire suite" finished-at="2021-07-22T21:13:05 IST" duration-ms="3906">
    <groups>
    </groups>
    <test started-at="2021-07-22T21:13:01 IST" name="Surefire test" finished-at="2021-07-22T21:13:05 IST" duration-ms="3906">
      <class name="com.qa.Rest.demo.ExpandBitlinkTest">
        <test-method signature="ExpandLink()[pri:0, instance:com.qa.Rest.demo.ExpandBitlinkTest@294e5088]" started-at="2021-07-22T21:13:01 IST" name="ExpandLink" finished-at="2021-07-22T21:13:05 IST" duration-ms="3838" status="PASS">
          <reporter-output>
          </reporter-output>
        </test-method> <!-- ExpandLink -->
      </class> <!-- com.qa.Rest.demo.ExpandBitlinkTest -->
    </test> <!-- Surefire test -->
  </suite> <!-- Surefire suite -->
</testng-results>
