<?xml version="1.0" encoding="UTF-8"?>
<testng-results ignored="0" total="3" passed="3" failed="0" skipped="0">
  <reporter-output>
  </reporter-output>
  <suite started-at="2021-07-22T21:50:18 IST" name="Suite" finished-at="2021-07-22T21:50:21 IST" duration-ms="3233">
    <groups>
    </groups>
    <test started-at="2021-07-22T21:50:18 IST" name="Test" finished-at="2021-07-22T21:50:21 IST" duration-ms="3233">
      <class name="com.qa.Rest.demo.CreateBitlinktest">
        <test-method signature="createNewBitlink()[pri:1, instance:com.qa.Rest.demo.CreateBitlinktest@1649b0e6]" started-at="2021-07-22T21:50:18 IST" name="createNewBitlink" finished-at="2021-07-22T21:50:20 IST" duration-ms="2385" status="PASS">
          <reporter-output>
          </reporter-output>
        </test-method> <!-- createNewBitlink -->
        <test-method signature="testStatusCodes()[pri:2, instance:com.qa.Rest.demo.CreateBitlinktest@1649b0e6]" started-at="2021-07-22T21:50:20 IST" name="testStatusCodes" finished-at="2021-07-22T21:50:21 IST" duration-ms="453" status="PASS">
          <reporter-output>
          </reporter-output>
        </test-method> <!-- testStatusCodes -->
        <test-method signature="blankPayload()[pri:3, instance:com.qa.Rest.demo.CreateBitlinktest@1649b0e6]" started-at="2021-07-22T21:50:21 IST" name="blankPayload" finished-at="2021-07-22T21:50:21 IST" duration-ms="358" status="PASS">
          <reporter-output>
          </reporter-output>
        </test-method> <!-- blankPayload -->
      </class> <!-- com.qa.Rest.demo.CreateBitlinktest -->
    </test> <!-- Test -->
  </suite> <!-- Suite -->
</testng-results>
